<?xml version="1.0" encoding="UTF-8"?>
<!-- Generated by org.testng.reporters.JUnitReportReporter -->
<testsuite hostname="Sorowar-Windows-Laptop-01" name="com.nsstodo.testcases.TodoPageTest" tests="4" failures="0" timestamp="21 Feb 2019 04:14:09 GMT" time="19.027" errors="0">
  <testcase name="addCategoryTest" time="5.121" classname="com.nsstodo.testcases.TodoPageTest"/>
  <testcase name="modifyTodoTest" time="4.627" classname="com.nsstodo.testcases.TodoPageTest"/>
  <testcase name="removeTodoTest" time="4.348" classname="com.nsstodo.testcases.TodoPageTest"/>
  <testcase name="addTodoTest" time="4.931" classname="com.nsstodo.testcases.TodoPageTest"/>
</testsuite> <!-- com.nsstodo.testcases.TodoPageTest -->
