<?xml version="1.0" encoding="UTF-8"?>
<!-- Generated by org.testng.reporters.JUnitReportReporter -->
<testsuite hostname="Sorowar-Windows-Laptop-01" name="com.phptravels.testcases.HomePageTest" tests="1" failures="0" timestamp="20 Feb 2019 03:20:57 GMT" time="5.432" errors="0">
  <testcase name="addTodoTest" time="5.432" classname="com.phptravels.testcases.HomePageTest"/>
</testsuite> <!-- com.phptravels.testcases.HomePageTest -->
