<?xml version="1.0" encoding="UTF-8"?>
<!-- Generated by org.testng.reporters.JUnitReportReporter -->
<testsuite hostname="Sorowar-Windows-Laptop-01" name="com.nsstodo.testcases.ApiTest" tests="4" failures="0" timestamp="21 Feb 2019 04:14:09 GMT" time="1.266" errors="0">
  <testcase name="getCountUnassignedCategory" time="0.042" classname="com.nsstodo.testcases.ApiTest"/>
  <testcase name="validateNoOfTask" time="0.031" classname="com.nsstodo.testcases.ApiTest"/>
  <testcase name="getAllTaskName" time="1.159" classname="com.nsstodo.testcases.ApiTest"/>
  <testcase name="validatedServiceStatus" time="0.034" classname="com.nsstodo.testcases.ApiTest"/>
</testsuite> <!-- com.nsstodo.testcases.ApiTest -->
